<?xml version="1.0" encoding="UTF-8"?><testsuite errors="4" failures="0" name="create different orders" skipped="0" tests="4" time="304.84" timestamp="2021-10-26 05:46:41"><testcase name="User create order with muy Ensalada con pollo crispy"><error message="A session is either terminated or not started&#10;Build info: version: '3.141.59', revision: 'e82be7d358', time: '2018-11-14T08:17:03'&#10;System info: host: 'mbp-de-jorge', ip: 'fe80:0:0:0:cba:f85:ccfd:cb45%en0', os.name: 'Mac OS X', os.arch: 'x86_64', os.version: '11.5', java.version: '11.0.12'&#10;Driver info: io.appium.java_client.android.AndroidDriver&#10;Capabilities {app: /Users/jorgelozano/Document..., appActivity: com.muy.selfmanagement.Main..., appPackage: com.muy.selfmanagement, autoGrantPermissions: true, automationName: UiAutomator2, captureScreenshots: false, databaseEnabled: false, desired: {app: /Users/jorgelozano/Document..., appActivity: com.muy.selfmanagement.Main..., appPackage: com.muy.selfmanagement, autoGrantPermissions: true, automationName: UiAutomator2, captureScreenshots: false, deviceName: AG, deviceOrientation: portrait, hub: http://127.0.0.1:4723/wd/hub, loggingPrefs: {}, platformName: android, platformVersion: 11, sessionName: Automation AG test}, deviceApiLevel: 30, deviceManufacturer: unknown, deviceModel: Android SDK built for x86, deviceName: emulator-5554, deviceOrientation: portrait, deviceScreenDensity: 120, deviceScreenSize: 648x1152, deviceUDID: emulator-5554, hub: http://127.0.0.1:4723/wd/hub, javascriptEnabled: true, locationContextEnabled: false, loggingPrefs: org.openqa.selenium.logging..., networkConnectionEnabled: true, pixelRatio: 0.75, platform: LINUX, platformName: Android, platformVersion: 11, sessionName: Automation AG test, statBarHeight: 18, takesScreenshot: true, viewportRect: {height: 1098, left: 0, top: 18, width: 648}, warnings: {}, webStorageEnabled: false}&#10;Session ID: fb0d151b-3060-459f-9281-b8cbe473dc85&#10;Build info: version: '3.141.59', revision: 'e82be7d358', time: '2018-11-14T08:17:03'&#10;System info: host: 'mbp-de-jorge', ip: 'fe80:0:0:0:cba:f85:ccfd:cb45%en0', os.name: 'Mac OS X', os.arch: 'x86_64', os.version: '11.5', java.version: '11.0.12'&#10;Driver info: driver.version: AndroidDriver" type="org.openqa.selenium.NoSuchSessionException">A session is either terminated or not started
Build info: version: '3.141.59', revision: 'e82be7d358', time: '2018-11-14T08:17:03'
System info: host: 'mbp-de-jorge', ip: 'fe80:0:0:0:cba:f85:ccfd:cb45%en0', os.name: 'Mac OS X', os.arch: 'x86_64', os.version: '11.5', java.version: '11.0.12'
Driver info: io.appium.java_client.android.AndroidDriver
Capabilities {app: /Users/jorgelozano/Document..., appActivity: com.muy.selfmanagement.Main..., appPackage: com.muy.selfmanagement, autoGrantPermissions: true, automationName: UiAutomator2, captureScreenshots: false, databaseEnabled: false, desired: {app: /Users/jorgelozano/Document..., appActivity: com.muy.selfmanagement.Main..., appPackage: com.muy.selfmanagement, autoGrantPermissions: true, automationName: UiAutomator2, captureScreenshots: false, deviceName: AG, deviceOrientation: portrait, hub: http://127.0.0.1:4723/wd/hub, loggingPrefs: {}, platformName: android, platformVersion: 11, sessionName: Automation AG test}, deviceApiLevel: 30, deviceManufacturer: unknown, deviceModel: Android SDK built for x86, deviceName: emulator-5554, deviceOrientation: portrait, deviceScreenDensity: 120, deviceScreenSize: 648x1152, deviceUDID: emulator-5554, hub: http://127.0.0.1:4723/wd/hub, javascriptEnabled: true, locationContextEnabled: false, loggingPrefs: org.openqa.selenium.logging..., networkConnectionEnabled: true, pixelRatio: 0.75, platform: LINUX, platformName: Android, platformVersion: 11, sessionName: Automation AG test, statBarHeight: 18, takesScreenshot: true, viewportRect: {height: 1098, left: 0, top: 18, width: 648}, warnings: {}, webStorageEnabled: false}
Session ID: fb0d151b-3060-459f-9281-b8cbe473dc85
Build info: version: '3.141.59', revision: 'e82be7d358', time: '2018-11-14T08:17:03'
System info: host: 'mbp-de-jorge', ip: 'fe80:0:0:0:cba:f85:ccfd:cb45%en0', os.name: 'Mac OS X', os.arch: 'x86_64', os.version: '11.5', java.version: '11.0.12'
Driver info: driver.version: AndroidDriver</error><system-err>A session is either terminated or not started
Build info: version: '3.141.59', revision: 'e82be7d358', time: '2018-11-14T08:17:03'
System info: host: 'mbp-de-jorge', ip: 'fe80:0:0:0:cba:f85:ccfd:cb45%en0', os.name: 'Mac OS X', os.arch: 'x86_64', os.version: '11.5', java.version: '11.0.12'
Driver info: io.appium.java_client.android.AndroidDriver
Capabilities {app: /Users/jorgelozano/Document..., appActivity: com.muy.selfmanagement.Main..., appPackage: com.muy.selfmanagement, autoGrantPermissions: true, automationName: UiAutomator2, captureScreenshots: false, databaseEnabled: false, desired: {app: /Users/jorgelozano/Document..., appActivity: com.muy.selfmanagement.Main..., appPackage: com.muy.selfmanagement, autoGrantPermissions: true, automationName: UiAutomator2, captureScreenshots: false, deviceName: AG, deviceOrientation: portrait, hub: http://127.0.0.1:4723/wd/hub, loggingPrefs: {}, platformName: android, platformVersion: 11, sessionName: Automation AG test}, deviceApiLevel: 30, deviceManufacturer: unknown, deviceModel: Android SDK built for x86, deviceName: emulator-5554, deviceOrientation: portrait, deviceScreenDensity: 120, deviceScreenSize: 648x1152, deviceUDID: emulator-5554, hub: http://127.0.0.1:4723/wd/hub, javascriptEnabled: true, locationContextEnabled: false, loggingPrefs: org.openqa.selenium.logging..., networkConnectionEnabled: true, pixelRatio: 0.75, platform: LINUX, platformName: Android, platformVersion: 11, sessionName: Automation AG test, statBarHeight: 18, takesScreenshot: true, viewportRect: {height: 1098, left: 0, top: 18, width: 648}, warnings: {}, webStorageEnabled: false}
Session ID: fb0d151b-3060-459f-9281-b8cbe473dc85
Build info: version: '3.141.59', revision: 'e82be7d358', time: '2018-11-14T08:17:03'
System info: host: 'mbp-de-jorge', ip: 'fe80:0:0:0:cba:f85:ccfd:cb45%en0', os.name: 'Mac OS X', os.arch: 'x86_64', os.version: '11.5', java.version: '11.0.12'
Driver info: driver.version: AndroidDriver
io.appium.java_client.remote.AppiumCommandExecutor.execute(AppiumCommandExecutor.java:239)
io.appium.java_client.DefaultGenericMobileDriver.execute(DefaultGenericMobileDriver.java:45)
io.appium.java_client.AppiumDriver.execute(AppiumDriver.java:1)
io.appium.java_client.android.AndroidDriver.execute(AndroidDriver.java:1)
Steps.Hook.tearDown(Hook.java:36)
cucumber.runner.UnskipableStep.executeStep(UnskipableStep.java:22)
cucumber.runner.Runner.runPickle(Runner.java:80)
</system-err></testcase></testsuite>