<?xml version="1.0" encoding="UTF-8"?><testsuite errors="1" failures="0" name="crear diferentes ordenes desde Autogestion" skipped="0" tests="1" time="41.36" timestamp="2021-11-11 02:27:31"><testcase name=""><error message="An element could not be located on the page using the given search parameters.&#10;For documentation on this error, please visit: https://www.seleniumhq.org/exceptions/no_such_element.html&#10;Build info: version: '3.141.59', revision: 'e82be7d358', time: '2018-11-14T08:17:03'&#10;System info: host: 'mbp-de-jorge', ip: 'fe80:0:0:0:cba:f85:ccfd:cb45%en0', os.name: 'Mac OS X', os.arch: 'x86_64', os.version: '11.5', java.version: '11.0.12'&#10;Driver info: io.appium.java_client.android.AndroidDriver&#10;Capabilities {app: /Users/jorgelozano/Document..., appActivity: com.muy.selfmanagement.Main..., appPackage: com.muy.selfmanagement, autoGrantPermissions: true, automationName: UiAutomator2, captureScreenshots: true, databaseEnabled: false, desired: {app: /Users/jorgelozano/Document..., appActivity: com.muy.selfmanagement.Main..., appPackage: com.muy.selfmanagement, autoGrantPermissions: true, automationName: UiAutomator2, captureScreenshots: true, deviceName: AG, deviceOrientation: portrait, hub: http://0.0.0.0:4723/wd/hub, loggingPrefs: {}, platformName: android, platformVersion: 11, sessionName: Automation AG test}, deviceApiLevel: 30, deviceManufacturer: unknown, deviceModel: Android SDK built for x86, deviceName: emulator-5554, deviceOrientation: portrait, deviceScreenDensity: 120, deviceScreenSize: 648x1152, deviceUDID: emulator-5554, hub: http://0.0.0.0:4723/wd/hub, javascriptEnabled: true, locationContextEnabled: false, loggingPrefs: org.openqa.selenium.logging..., networkConnectionEnabled: true, pixelRatio: 0.75, platform: LINUX, platformName: Android, platformVersion: 11, sessionName: Automation AG test, statBarHeight: 18, takesScreenshot: true, viewportRect: {height: 1098, left: 0, top: 18, width: 648}, warnings: {}, webStorageEnabled: false}&#10;Session ID: 192a3767-0233-4c62-90a2-f61e87faa518&#10;*** Element info: {Using=xpath, value=//android.widget.TextView[@text='Fresco']}" type="org.openqa.selenium.NoSuchElementException">An element could not be located on the page using the given search parameters.
For documentation on this error, please visit: https://www.seleniumhq.org/exceptions/no_such_element.html
Build info: version: '3.141.59', revision: 'e82be7d358', time: '2018-11-14T08:17:03'
System info: host: 'mbp-de-jorge', ip: 'fe80:0:0:0:cba:f85:ccfd:cb45%en0', os.name: 'Mac OS X', os.arch: 'x86_64', os.version: '11.5', java.version: '11.0.12'
Driver info: io.appium.java_client.android.AndroidDriver
Capabilities {app: /Users/jorgelozano/Document..., appActivity: com.muy.selfmanagement.Main..., appPackage: com.muy.selfmanagement, autoGrantPermissions: true, automationName: UiAutomator2, captureScreenshots: true, databaseEnabled: false, desired: {app: /Users/jorgelozano/Document..., appActivity: com.muy.selfmanagement.Main..., appPackage: com.muy.selfmanagement, autoGrantPermissions: true, automationName: UiAutomator2, captureScreenshots: true, deviceName: AG, deviceOrientation: portrait, hub: http://0.0.0.0:4723/wd/hub, loggingPrefs: {}, platformName: android, platformVersion: 11, sessionName: Automation AG test}, deviceApiLevel: 30, deviceManufacturer: unknown, deviceModel: Android SDK built for x86, deviceName: emulator-5554, deviceOrientation: portrait, deviceScreenDensity: 120, deviceScreenSize: 648x1152, deviceUDID: emulator-5554, hub: http://0.0.0.0:4723/wd/hub, javascriptEnabled: true, locationContextEnabled: false, loggingPrefs: org.openqa.selenium.logging..., networkConnectionEnabled: true, pixelRatio: 0.75, platform: LINUX, platformName: Android, platformVersion: 11, sessionName: Automation AG test, statBarHeight: 18, takesScreenshot: true, viewportRect: {height: 1098, left: 0, top: 18, width: 648}, warnings: {}, webStorageEnabled: false}
Session ID: 192a3767-0233-4c62-90a2-f61e87faa518
*** Element info: {Using=xpath, value=//android.widget.TextView[@text='Fresco']}</error><system-err>An element could not be located on the page using the given search parameters.
For documentation on this error, please visit: https://www.seleniumhq.org/exceptions/no_such_element.html
Build info: version: '3.141.59', revision: 'e82be7d358', time: '2018-11-14T08:17:03'
System info: host: 'mbp-de-jorge', ip: 'fe80:0:0:0:cba:f85:ccfd:cb45%en0', os.name: 'Mac OS X', os.arch: 'x86_64', os.version: '11.5', java.version: '11.0.12'
Driver info: io.appium.java_client.android.AndroidDriver
Capabilities {app: /Users/jorgelozano/Document..., appActivity: com.muy.selfmanagement.Main..., appPackage: com.muy.selfmanagement, autoGrantPermissions: true, automationName: UiAutomator2, captureScreenshots: true, databaseEnabled: false, desired: {app: /Users/jorgelozano/Document..., appActivity: com.muy.selfmanagement.Main..., appPackage: com.muy.selfmanagement, autoGrantPermissions: true, automationName: UiAutomator2, captureScreenshots: true, deviceName: AG, deviceOrientation: portrait, hub: http://0.0.0.0:4723/wd/hub, loggingPrefs: {}, platformName: android, platformVersion: 11, sessionName: Automation AG test}, deviceApiLevel: 30, deviceManufacturer: unknown, deviceModel: Android SDK built for x86, deviceName: emulator-5554, deviceOrientation: portrait, deviceScreenDensity: 120, deviceScreenSize: 648x1152, deviceUDID: emulator-5554, hub: http://0.0.0.0:4723/wd/hub, javascriptEnabled: true, locationContextEnabled: false, loggingPrefs: org.openqa.selenium.logging..., networkConnectionEnabled: true, pixelRatio: 0.75, platform: LINUX, platformName: Android, platformVersion: 11, sessionName: Automation AG test, statBarHeight: 18, takesScreenshot: true, viewportRect: {height: 1098, left: 0, top: 18, width: 648}, warnings: {}, webStorageEnabled: false}
Session ID: 192a3767-0233-4c62-90a2-f61e87faa518
*** Element info: {Using=xpath, value=//android.widget.TextView[@text='Fresco']}
io.appium.java_client.remote.AppiumCommandExecutor.execute(AppiumCommandExecutor.java:239)
io.appium.java_client.DefaultGenericMobileDriver.execute(DefaultGenericMobileDriver.java:41)
io.appium.java_client.AppiumDriver.execute(AppiumDriver.java:1)
io.appium.java_client.android.AndroidDriver.execute(AndroidDriver.java:1)
io.appium.java_client.DefaultGenericMobileDriver.findElement(DefaultGenericMobileDriver.java:61)
io.appium.java_client.AppiumDriver.findElement(AppiumDriver.java:1)
io.appium.java_client.android.AndroidDriver.findElement(AndroidDriver.java:1)
io.appium.java_client.DefaultGenericMobileDriver.findElementByXPath(DefaultGenericMobileDriver.java:151)
io.appium.java_client.AppiumDriver.findElementByXPath(AppiumDriver.java:1)
io.appium.java_client.android.AndroidDriver.findElementByXPath(AndroidDriver.java:1)
io.appium.java_client.DefaultGenericMobileDriver.findElement(DefaultGenericMobileDriver.java:57)
io.appium.java_client.AppiumDriver.findElement(AppiumDriver.java:1)
io.appium.java_client.android.AndroidDriver.findElement(AndroidDriver.java:1)
Tasks.Menu.performAs(Menu.java:26)
Tasks.CreateOrder.performAs(CreateOrder.java:26)
Steps.EndToEnd1.elUsuarioSeLogueeConSuNumeroTelefonoSeleccioneSuPlatoYFinaliceLaOrden(EndToEnd1.java:31)
cucumber.runner.Runner.runPickle(Runner.java:80)
</system-err></testcase></testsuite>