<?xml version="1.0" encoding="UTF-8"?><testsuite errors="1" failures="0" name="create different orders" skipped="0" tests="3" time="681.28" timestamp="2021-11-04 07:26:24"><testcase name="User create order with menu personalizado"/><testcase name="User non-registered order with menu Fresco"><error message="An element could not be located on the page using the given search parameters.&#10;For documentation on this error, please visit: https://www.seleniumhq.org/exceptions/no_such_element.html&#10;Build info: version: '3.141.59', revision: 'e82be7d358', time: '2018-11-14T08:17:03'&#10;System info: host: 'mbp-de-jorge', ip: 'fe80:0:0:0:cba:f85:ccfd:cb45%en0', os.name: 'Mac OS X', os.arch: 'x86_64', os.version: '11.5', java.version: '11.0.12'&#10;Driver info: io.appium.java_client.android.AndroidDriver&#10;Capabilities {app: /Users/jorgelozano/Document..., appActivity: com.muy.selfmanagement.Main..., appPackage: com.muy.selfmanagement, autoGrantPermissions: true, automationName: UiAutomator2, captureScreenshots: true, databaseEnabled: false, desired: {app: /Users/jorgelozano/Document..., appActivity: com.muy.selfmanagement.Main..., appPackage: com.muy.selfmanagement, autoGrantPermissions: true, automationName: UiAutomator2, captureScreenshots: true, deviceName: AG, deviceOrientation: portrait, hub: http://0.0.0.0:4723/wd/hub, loggingPrefs: {}, platformName: android, platformVersion: 11, sessionName: Automation AG test}, deviceApiLevel: 30, deviceManufacturer: unknown, deviceModel: Android SDK built for x86, deviceName: emulator-5554, deviceOrientation: portrait, deviceScreenDensity: 120, deviceScreenSize: 648x1152, deviceUDID: emulator-5554, hub: http://0.0.0.0:4723/wd/hub, javascriptEnabled: true, locationContextEnabled: false, loggingPrefs: org.openqa.selenium.logging..., networkConnectionEnabled: true, pixelRatio: 0.75, platform: LINUX, platformName: Android, platformVersion: 11, sessionName: Automation AG test, statBarHeight: 18, takesScreenshot: true, viewportRect: {height: 1098, left: 0, top: 18, width: 648}, warnings: {}, webStorageEnabled: false}&#10;Session ID: f26f0ad0-f5c0-4eaa-a93a-e70ea852b2ca&#10;*** Element info: {Using=id, value=com.muy.selfmanagement:id/et_register_first_name}" type="org.openqa.selenium.NoSuchElementException">An element could not be located on the page using the given search parameters.
For documentation on this error, please visit: https://www.seleniumhq.org/exceptions/no_such_element.html
Build info: version: '3.141.59', revision: 'e82be7d358', time: '2018-11-14T08:17:03'
System info: host: 'mbp-de-jorge', ip: 'fe80:0:0:0:cba:f85:ccfd:cb45%en0', os.name: 'Mac OS X', os.arch: 'x86_64', os.version: '11.5', java.version: '11.0.12'
Driver info: io.appium.java_client.android.AndroidDriver
Capabilities {app: /Users/jorgelozano/Document..., appActivity: com.muy.selfmanagement.Main..., appPackage: com.muy.selfmanagement, autoGrantPermissions: true, automationName: UiAutomator2, captureScreenshots: true, databaseEnabled: false, desired: {app: /Users/jorgelozano/Document..., appActivity: com.muy.selfmanagement.Main..., appPackage: com.muy.selfmanagement, autoGrantPermissions: true, automationName: UiAutomator2, captureScreenshots: true, deviceName: AG, deviceOrientation: portrait, hub: http://0.0.0.0:4723/wd/hub, loggingPrefs: {}, platformName: android, platformVersion: 11, sessionName: Automation AG test}, deviceApiLevel: 30, deviceManufacturer: unknown, deviceModel: Android SDK built for x86, deviceName: emulator-5554, deviceOrientation: portrait, deviceScreenDensity: 120, deviceScreenSize: 648x1152, deviceUDID: emulator-5554, hub: http://0.0.0.0:4723/wd/hub, javascriptEnabled: true, locationContextEnabled: false, loggingPrefs: org.openqa.selenium.logging..., networkConnectionEnabled: true, pixelRatio: 0.75, platform: LINUX, platformName: Android, platformVersion: 11, sessionName: Automation AG test, statBarHeight: 18, takesScreenshot: true, viewportRect: {height: 1098, left: 0, top: 18, width: 648}, warnings: {}, webStorageEnabled: false}
Session ID: f26f0ad0-f5c0-4eaa-a93a-e70ea852b2ca
*** Element info: {Using=id, value=com.muy.selfmanagement:id/et_register_first_name}</error><system-err>An element could not be located on the page using the given search parameters.
For documentation on this error, please visit: https://www.seleniumhq.org/exceptions/no_such_element.html
Build info: version: '3.141.59', revision: 'e82be7d358', time: '2018-11-14T08:17:03'
System info: host: 'mbp-de-jorge', ip: 'fe80:0:0:0:cba:f85:ccfd:cb45%en0', os.name: 'Mac OS X', os.arch: 'x86_64', os.version: '11.5', java.version: '11.0.12'
Driver info: io.appium.java_client.android.AndroidDriver
Capabilities {app: /Users/jorgelozano/Document..., appActivity: com.muy.selfmanagement.Main..., appPackage: com.muy.selfmanagement, autoGrantPermissions: true, automationName: UiAutomator2, captureScreenshots: true, databaseEnabled: false, desired: {app: /Users/jorgelozano/Document..., appActivity: com.muy.selfmanagement.Main..., appPackage: com.muy.selfmanagement, autoGrantPermissions: true, automationName: UiAutomator2, captureScreenshots: true, deviceName: AG, deviceOrientation: portrait, hub: http://0.0.0.0:4723/wd/hub, loggingPrefs: {}, platformName: android, platformVersion: 11, sessionName: Automation AG test}, deviceApiLevel: 30, deviceManufacturer: unknown, deviceModel: Android SDK built for x86, deviceName: emulator-5554, deviceOrientation: portrait, deviceScreenDensity: 120, deviceScreenSize: 648x1152, deviceUDID: emulator-5554, hub: http://0.0.0.0:4723/wd/hub, javascriptEnabled: true, locationContextEnabled: false, loggingPrefs: org.openqa.selenium.logging..., networkConnectionEnabled: true, pixelRatio: 0.75, platform: LINUX, platformName: Android, platformVersion: 11, sessionName: Automation AG test, statBarHeight: 18, takesScreenshot: true, viewportRect: {height: 1098, left: 0, top: 18, width: 648}, warnings: {}, webStorageEnabled: false}
Session ID: f26f0ad0-f5c0-4eaa-a93a-e70ea852b2ca
*** Element info: {Using=id, value=com.muy.selfmanagement:id/et_register_first_name}
io.appium.java_client.remote.AppiumCommandExecutor.execute(AppiumCommandExecutor.java:239)
io.appium.java_client.DefaultGenericMobileDriver.execute(DefaultGenericMobileDriver.java:41)
io.appium.java_client.AppiumDriver.execute(AppiumDriver.java:1)
io.appium.java_client.android.AndroidDriver.execute(AndroidDriver.java:1)
io.appium.java_client.DefaultGenericMobileDriver.findElement(DefaultGenericMobileDriver.java:61)
io.appium.java_client.AppiumDriver.findElement(AppiumDriver.java:1)
io.appium.java_client.android.AndroidDriver.findElement(AndroidDriver.java:1)
io.appium.java_client.DefaultGenericMobileDriver.findElementById(DefaultGenericMobileDriver.java:69)
io.appium.java_client.AppiumDriver.findElementById(AppiumDriver.java:1)
io.appium.java_client.android.AndroidDriver.findElementById(AndroidDriver.java:1)
io.appium.java_client.DefaultGenericMobileDriver.findElement(DefaultGenericMobileDriver.java:57)
io.appium.java_client.AppiumDriver.findElement(AppiumDriver.java:1)
io.appium.java_client.android.AndroidDriver.findElement(AndroidDriver.java:1)
Tasks.Register.performAs(Register.java:31)
Steps.EndToEnd1.complete_the_form_with_his_and_his(EndToEnd1.java:30)
cucumber.runner.Runner.runPickle(Runner.java:80)
</system-err></testcase></testsuite>